<?xml version="1.0" encoding="UTF-8"?>
<!-- Generated by org.testng.reporters.JUnitReportReporter -->
<testsuite hostname="rajarajput" failures="0" tests="20" name="Test.Define_ReportTest" time="33.028" errors="1" timestamp="2024-06-07T01:10:36 IST" skipped="0">
  <testcase classname="Test.Define_ReportTest" name="Login_Enterdata_valid_username_Valid_Password_Click_Loginbtn" time="5.239"/>
  <system-out/>
  <testcase classname="Test.Define_ReportTest" name="Define_Report_Move_to_Rrport_Dropdown" time="3.857"/>
  <system-out/>
  <testcase classname="Test.Define_ReportTest" name="Switch_to_iframe_Access_Select_drop_Id" time="0.474"/>
  <system-out/>
  <testcase classname="Test.Define_ReportTest" name="EnterId_Search_for_textBox" time="0.220"/>
  <system-out/>
  <testcase classname="Test.Define_ReportTest" name="Click_Search_Button_Access_Id" time="2.030"/>
  <system-out/>
  <testcase classname="Test.Define_ReportTest" name="Click_Reset_Button_Clear_Id" time="0.197"/>
  <system-out/>
  <testcase classname="Test.Define_ReportTest" name="Click_Add_Button_add_new_Text" time="2.626"/>
  <system-out/>
  <testcase classname="Test.Define_ReportTest" name="Enterdata_Report_Name_TextBox" time="0.337"/>
  <system-out/>
  <testcase classname="Test.Define_ReportTest" name="Click_Check_Box_Button_Acess_SelelctDrop_Select_Click_Employee_PopupButton_Acess_EmployeeName_Enter_EmployeeName_textBox" time="1.504"/>
  <system-out/>
  <testcase classname="Test.Define_ReportTest" name="Click_Employee_AgeGroup_CheckBox_button_And_Select_DropBox_SelectComparison_Enter_age1_TextBox" time="2.767"/>
  <system-out/>
  <testcase classname="Test.Define_ReportTest" name="Click_PayGrade_CheckBox_Button_Access_Select_Salary_Grade_drop" time="1.810"/>
  <system-out/>
  <testcase classname="Test.Define_ReportTest" name="Click_Education_CheckBox_Button_Access_Select_Education_Type_drop" time="1.317"/>
  <system-out/>
  <testcase classname="Test.Define_ReportTest" name="Click_Emloyee_Status_CheckBox_Button_Access_Select_Emloyee_Type_drop" time="0.851"/>
  <system-out/>
  <testcase classname="Test.Define_ReportTest" name="Click_Service_period_CheckBox_Button_Access_serivce_Comparison_drop" time="2.199"/>
  <system-out/>
  <testcase classname="Test.Define_ReportTest" name="Click_Join_Date_CheckBox_Button_Acess_Join_date_Select_drop" time="1.581"/>
  <system-out/>
  <testcase classname="Test.Define_ReportTest" name="Click_Job_Title_CheckBox_button_Access_Job_Title_Drop" time="0.962"/>
  <system-out/>
  <testcase classname="Test.Define_ReportTest" name="Click_Language_CheckBox_button_Access_Language_Drop" time="0.537"/>
  <system-out/>
  <testcase classname="Test.Define_ReportTest" name="Click_Skill_CheckBox_button_Access_Skill_Drop" time="0.610"/>
  <system-out/>
  <testcase classname="Test.Define_ReportTest" name="click_Employee_Savebutton_and_Reset_Button" time="3.864"/>
  <system-out/>
  <testcase classname="Test.Define_ReportTest" name="Select_UserGroup_and_Click_Assign_Button" time="0.046">
    <error message="no such element: Unable to locate element: {&quot;method&quot;:&quot;css selector&quot;,&quot;selector&quot;:&quot;#rightMenu&quot;}
  (Session info: chrome=125.0.6422.142)
For documentation on this error, please visit: https://www.selenium.dev/documentation/webdriver/troubleshooting/errors#no-such-element-exception
Build info: version: &#039;4.21.0&#039;, revision: &#039;79ed462ef4&#039;
System info: os.name: &#039;Windows 10&#039;, os.arch: &#039;amd64&#039;, os.version: &#039;10.0&#039;, java.version: &#039;17.0.10&#039;
Driver info: org.openqa.selenium.chrome.ChromeDriver
Command: [57ee98ddef1975c0ddd764c7cefc7441, findElement {using=css selector, value=#rightMenu}]
Capabilities {acceptInsecureCerts: false, browserName: chrome, browserVersion: 125.0.6422.142, chrome: {chromedriverVersion: 125.0.6422.141 (4b1e8393712..., userDataDir: C:\Users\hp\AppData\Local\T...}, fedcm:accounts: true, goog:chromeOptions: {debuggerAddress: localhost:53034}, networkConnectionEnabled: false, pageLoadStrategy: normal, platformName: windows, proxy: Proxy(), se:cdp: ws://localhost:53034/devtoo..., se:cdpVersion: 125.0.6422.142, setWindowRect: true, strictFileInteractability: false, timeouts: {implicit: 0, pageLoad: 300000, script: 30000}, unhandledPromptBehavior: dismiss and notify, webauthn:extension:credBlob: true, webauthn:extension:largeBlob: true, webauthn:extension:minPinLength: true, webauthn:extension:prf: true, webauthn:virtualAuthenticators: true}
Session ID: 57ee98ddef1975c0ddd764c7cefc7441" type="org.openqa.selenium.NoSuchElementException">
      <![CDATA[org.openqa.selenium.NoSuchElementException: no such element: Unable to locate element: {"method":"css selector","selector":"#rightMenu"}
  (Session info: chrome=125.0.6422.142)
For documentation on this error, please visit: https://www.selenium.dev/documentation/webdriver/troubleshooting/errors#no-such-element-exception
Build info: version: '4.21.0', revision: '79ed462ef4'
System info: os.name: 'Windows 10', os.arch: 'amd64', os.version: '10.0', java.version: '17.0.10'
Driver info: org.openqa.selenium.chrome.ChromeDriver
Command: [57ee98ddef1975c0ddd764c7cefc7441, findElement {using=css selector, value=#rightMenu}]
Capabilities {acceptInsecureCerts: false, browserName: chrome, browserVersion: 125.0.6422.142, chrome: {chromedriverVersion: 125.0.6422.141 (4b1e8393712..., userDataDir: C:\Users\hp\AppData\Local\T...}, fedcm:accounts: true, goog:chromeOptions: {debuggerAddress: localhost:53034}, networkConnectionEnabled: false, pageLoadStrategy: normal, platformName: windows, proxy: Proxy(), se:cdp: ws://localhost:53034/devtoo..., se:cdpVersion: 125.0.6422.142, setWindowRect: true, strictFileInteractability: false, timeouts: {implicit: 0, pageLoad: 300000, script: 30000}, unhandledPromptBehavior: dismiss and notify, webauthn:extension:credBlob: true, webauthn:extension:largeBlob: true, webauthn:extension:minPinLength: true, webauthn:extension:prf: true, webauthn:virtualAuthenticators: true}
Session ID: 57ee98ddef1975c0ddd764c7cefc7441
at java.base/jdk.internal.reflect.NativeConstructorAccessorImpl.newInstance0(Native Method)
at java.base/jdk.internal.reflect.NativeConstructorAccessorImpl.newInstance(NativeConstructorAccessorImpl.java:77)
at java.base/jdk.internal.reflect.DelegatingConstructorAccessorImpl.newInstance(DelegatingConstructorAccessorImpl.java:45)
at java.base/java.lang.reflect.Constructor.newInstanceWithCaller(Constructor.java:499)
at java.base/java.lang.reflect.Constructor.newInstance(Constructor.java:480)
at org.openqa.selenium.remote.ErrorCodec.decode(ErrorCodec.java:167)
at org.openqa.selenium.remote.codec.w3c.W3CHttpResponseCodec.decode(W3CHttpResponseCodec.java:138)
at org.openqa.selenium.remote.codec.w3c.W3CHttpResponseCodec.decode(W3CHttpResponseCodec.java:50)
at org.openqa.selenium.remote.HttpCommandExecutor.execute(HttpCommandExecutor.java:190)
at org.openqa.selenium.remote.service.DriverCommandExecutor.invokeExecute(DriverCommandExecutor.java:216)
at org.openqa.selenium.remote.service.DriverCommandExecutor.execute(DriverCommandExecutor.java:174)
at org.openqa.selenium.remote.RemoteWebDriver.execute(RemoteWebDriver.java:518)
at org.openqa.selenium.remote.ElementLocation$ElementFinder$2.findElement(ElementLocation.java:165)
at org.openqa.selenium.remote.ElementLocation.findElement(ElementLocation.java:59)
at org.openqa.selenium.remote.RemoteWebDriver.findElement(RemoteWebDriver.java:355)
at org.openqa.selenium.remote.RemoteWebDriver.findElement(RemoteWebDriver.java:349)
at org.openqa.selenium.support.pagefactory.DefaultElementLocator.findElement(DefaultElementLocator.java:68)
at org.openqa.selenium.support.pagefactory.internal.LocatingElementHandler.invoke(LocatingElementHandler.java:38)
at jdk.proxy2/jdk.proxy2.$Proxy12.getWrappedElement(Unknown Source)
at org.openqa.selenium.remote.WebElementToJsonConverter.apply(WebElementToJsonConverter.java:48)
at org.openqa.selenium.remote.RemoteWebDriver$RemoteTargetLocator.frame(RemoteWebDriver.java:1104)
at page.Define_Report_Page.iframe_switchto_F1(Define_Report_Page.java:300)
at Test.Define_ReportTest.Select_UserGroup_and_Click_Assign_Button(Define_ReportTest.java:128)
at java.base/jdk.internal.reflect.NativeMethodAccessorImpl.invoke0(Native Method)
at java.base/jdk.internal.reflect.NativeMethodAccessorImpl.invoke(NativeMethodAccessorImpl.java:77)
at java.base/jdk.internal.reflect.DelegatingMethodAccessorImpl.invoke(DelegatingMethodAccessorImpl.java:43)
at java.base/java.lang.reflect.Method.invoke(Method.java:568)
at org.testng.internal.MethodInvocationHelper.invokeMethod(MethodInvocationHelper.java:133)
at org.testng.internal.TestInvoker.invokeMethod(TestInvoker.java:598)
at org.testng.internal.TestInvoker.invokeTestMethod(TestInvoker.java:173)
at org.testng.internal.MethodRunner.runInSequence(MethodRunner.java:46)
at org.testng.internal.TestInvoker$MethodInvocationAgent.invoke(TestInvoker.java:824)
at org.testng.internal.TestInvoker.invokeTestMethods(TestInvoker.java:146)
at org.testng.internal.TestMethodWorker.invokeTestMethods(TestMethodWorker.java:146)
at org.testng.internal.TestMethodWorker.run(TestMethodWorker.java:128)
at java.base/java.util.ArrayList.forEach(ArrayList.java:1511)
at org.testng.TestRunner.privateRun(TestRunner.java:794)
at org.testng.TestRunner.run(TestRunner.java:596)
at org.testng.SuiteRunner.runTest(SuiteRunner.java:377)
at org.testng.SuiteRunner.runSequentially(SuiteRunner.java:371)
at org.testng.SuiteRunner.privateRun(SuiteRunner.java:332)
at org.testng.SuiteRunner.run(SuiteRunner.java:276)
at org.testng.SuiteRunnerWorker.runSuite(SuiteRunnerWorker.java:53)
at org.testng.SuiteRunnerWorker.run(SuiteRunnerWorker.java:96)
at org.testng.TestNG.runSuitesSequentially(TestNG.java:1212)
at org.testng.TestNG.runSuitesLocally(TestNG.java:1134)
at org.testng.TestNG.runSuites(TestNG.java:1063)
at org.testng.TestNG.run(TestNG.java:1031)
at org.testng.remote.AbstractRemoteTestNG.run(AbstractRemoteTestNG.java:115)
at org.testng.remote.RemoteTestNG.initAndRun(RemoteTestNG.java:293)
at org.testng.remote.RemoteTestNG.main(RemoteTestNG.java:91)
]]>
    </error>
  </testcase> <!-- Select_UserGroup_and_Click_Assign_Button -->
  <system-out/>
</testsuite> <!-- Test.Define_ReportTest -->
